2016-07-12 19:01:58,824 [org.eclipse.jdt.internal.ui.text.JavaReconciler] ERROR o.e.m.jdt.internal.BuildPathManager - Resource '/mavenselenium' does not exist.
org.eclipse.jdt.core.JavaModelException: Resource '/mavenselenium' does not exist.
	at org.eclipse.jdt.internal.core.SetVariablesOperation.executeOperation(SetVariablesOperation.java:163) ~[org.eclipse.jdt.core_3.11.2.v20160128-0629.jar:na]
	at org.eclipse.jdt.internal.core.JavaModelOperation.run(JavaModelOperation.java:729) [org.eclipse.jdt.core_3.11.2.v20160128-0629.jar:na]
	at org.eclipse.core.internal.resources.Workspace.run(Workspace.java:2241) ~[org.eclipse.core.resources_3.10.1.v20150725-1910.jar:na]
	at org.eclipse.jdt.internal.core.JavaModelOperation.runOperation(JavaModelOperation.java:794) [org.eclipse.jdt.core_3.11.2.v20160128-0629.jar:na]
	at org.eclipse.jdt.core.JavaCore.setClasspathVariables(JavaCore.java:5575) [org.eclipse.jdt.core_3.11.2.v20160128-0629.jar:na]
	at org.eclipse.jdt.core.JavaCore.setClasspathVariable(JavaCore.java:5534) [org.eclipse.jdt.core_3.11.2.v20160128-0629.jar:na]
	at org.eclipse.m2e.jdt.internal.BuildPathManager.setupVariables(BuildPathManager.java:598) ~[org.eclipse.m2e.jdt_1.6.2.20150902-0002.jar:na]
	at org.eclipse.m2e.jdt.internal.MavenClasspathVariableInitializer.initialize(MavenClasspathVariableInitializer.java:30) [org.eclipse.m2e.jdt_1.6.2.20150902-0002.jar:na]
	at org.eclipse.jdt.core.JavaCore.getClasspathVariable(JavaCore.java:3423) [org.eclipse.jdt.core_3.11.2.v20160128-0629.jar:na]
	at org.eclipse.jdt.internal.core.JavaModelManager.getResolvedVariablePath(JavaModelManager.java:2551) [org.eclipse.jdt.core_3.11.2.v20160128-0629.jar:na]
	at org.eclipse.jdt.internal.core.JavaModelManager.resolveVariableEntry(JavaModelManager.java:2471) [org.eclipse.jdt.core_3.11.2.v20160128-0629.jar:na]
	at org.eclipse.jdt.internal.core.JavaProject.resolveClasspath(JavaProject.java:2664) [org.eclipse.jdt.core_3.11.2.v20160128-0629.jar:na]
	at org.eclipse.jdt.internal.core.JavaProject.resolveClasspath(JavaProject.java:2857) [org.eclipse.jdt.core_3.11.2.v20160128-0629.jar:na]
	at org.eclipse.jdt.internal.core.JavaProject.getResolvedClasspath(JavaProject.java:1962) [org.eclipse.jdt.core_3.11.2.v20160128-0629.jar:na]
	at org.eclipse.jdt.internal.core.JavaProject.buildStructure(JavaProject.java:464) [org.eclipse.jdt.core_3.11.2.v20160128-0629.jar:na]
	at org.eclipse.jdt.internal.core.Openable.generateInfos(Openable.java:259) [org.eclipse.jdt.core_3.11.2.v20160128-0629.jar:na]
	at org.eclipse.jdt.internal.core.JavaElement.openWhenClosed(JavaElement.java:579) [org.eclipse.jdt.core_3.11.2.v20160128-0629.jar:na]
	at org.eclipse.jdt.internal.core.JavaElement.getElementInfo(JavaElement.java:316) [org.eclipse.jdt.core_3.11.2.v20160128-0629.jar:na]
	at org.eclipse.jdt.internal.core.JavaElement.getElementInfo(JavaElement.java:302) [org.eclipse.jdt.core_3.11.2.v20160128-0629.jar:na]
	at org.eclipse.jdt.internal.core.JavaProject.getProjectCache(JavaProject.java:1924) [org.eclipse.jdt.core_3.11.2.v20160128-0629.jar:na]
	at org.eclipse.jdt.internal.core.JavaProjectElementInfo.newNameLookup(JavaProjectElementInfo.java:310) [org.eclipse.jdt.core_3.11.2.v20160128-0629.jar:na]
	at org.eclipse.jdt.internal.core.JavaProject.newNameLookup(JavaProject.java:2329) [org.eclipse.jdt.core_3.11.2.v20160128-0629.jar:na]
	at org.eclipse.jdt.internal.core.SearchableEnvironment.<init>(SearchableEnvironment.java:59) [org.eclipse.jdt.core_3.11.2.v20160128-0629.jar:na]
	at org.eclipse.jdt.internal.core.SearchableEnvironment.<init>(SearchableEnvironment.java:66) [org.eclipse.jdt.core_3.11.2.v20160128-0629.jar:na]
	at org.eclipse.jdt.internal.core.CancelableNameEnvironment.<init>(CancelableNameEnvironment.java:26) [org.eclipse.jdt.core_3.11.2.v20160128-0629.jar:na]
	at org.eclipse.jdt.internal.core.CompilationUnitProblemFinder.process(CompilationUnitProblemFinder.java:178) [org.eclipse.jdt.core_3.11.2.v20160128-0629.jar:na]
	at org.eclipse.jdt.internal.core.CompilationUnitProblemFinder.process(CompilationUnitProblemFinder.java:271) [org.eclipse.jdt.core_3.11.2.v20160128-0629.jar:na]
	at org.eclipse.jdt.internal.core.ReconcileWorkingCopyOperation.makeConsistent(ReconcileWorkingCopyOperation.java:191) [org.eclipse.jdt.core_3.11.2.v20160128-0629.jar:na]
	at org.eclipse.jdt.internal.core.ReconcileWorkingCopyOperation.executeOperation(ReconcileWorkingCopyOperation.java:90) [org.eclipse.jdt.core_3.11.2.v20160128-0629.jar:na]
	at org.eclipse.jdt.internal.core.JavaModelOperation.run(JavaModelOperation.java:729) [org.eclipse.jdt.core_3.11.2.v20160128-0629.jar:na]
	at org.eclipse.jdt.internal.core.JavaModelOperation.runOperation(JavaModelOperation.java:789) [org.eclipse.jdt.core_3.11.2.v20160128-0629.jar:na]
	at org.eclipse.jdt.internal.core.CompilationUnit.reconcile(CompilationUnit.java:1250) [org.eclipse.jdt.core_3.11.2.v20160128-0629.jar:na]
	at org.eclipse.jdt.internal.ui.text.java.JavaReconcilingStrategy.reconcile(JavaReconcilingStrategy.java:126) [org.eclipse.jdt.ui_3.11.2.v20151123-1510.jar:na]
	at org.eclipse.jdt.internal.ui.text.java.JavaReconcilingStrategy.access$0(JavaReconcilingStrategy.java:108) [org.eclipse.jdt.ui_3.11.2.v20151123-1510.jar:na]
	at org.eclipse.jdt.internal.ui.text.java.JavaReconcilingStrategy$1.run(JavaReconcilingStrategy.java:89) [org.eclipse.jdt.ui_3.11.2.v20151123-1510.jar:na]
	at org.eclipse.core.runtime.SafeRunner.run(SafeRunner.java:42) [org.eclipse.equinox.common_3.7.0.v20150402-1709.jar:na]
	at org.eclipse.jdt.internal.ui.text.java.JavaReconcilingStrategy.reconcile(JavaReconcilingStrategy.java:87) [org.eclipse.jdt.ui_3.11.2.v20151123-1510.jar:na]
	at org.eclipse.jdt.internal.ui.text.java.JavaReconcilingStrategy.initialReconcile(JavaReconcilingStrategy.java:178) [org.eclipse.jdt.ui_3.11.2.v20151123-1510.jar:na]
	at org.eclipse.jdt.internal.ui.text.CompositeReconcilingStrategy.initialReconcile(CompositeReconcilingStrategy.java:114) [org.eclipse.jdt.ui_3.11.2.v20151123-1510.jar:na]
	at org.eclipse.jdt.internal.ui.text.JavaCompositeReconcilingStrategy.initialReconcile(JavaCompositeReconcilingStrategy.java:136) [org.eclipse.jdt.ui_3.11.2.v20151123-1510.jar:na]
	at org.eclipse.jface.text.reconciler.MonoReconciler.initialProcess(MonoReconciler.java:105) [org.eclipse.jface.text_3.10.0.v20150603-1752.jar:na]
	at org.eclipse.jdt.internal.ui.text.JavaReconciler.initialProcess(JavaReconciler.java:406) [org.eclipse.jdt.ui_3.11.2.v20151123-1510.jar:na]
	at org.eclipse.jface.text.reconciler.AbstractReconciler$BackgroundThread.run(AbstractReconciler.java:173) [org.eclipse.jface.text_3.10.0.v20150603-1752.jar:na]
